Using pre-set license
Built from '2020.3/staging' branch; Version is '2020.3.6f1 (338bb68529b2) revision 3378102'; Using compiler version '192528614'; Build Type 'Release'
OS: 'Windows 10 Education; OS build 19042.928; Version 2009; 64bit' Language: 'en' Physical Memory: 8151 MB
BatchMode: 1, IsHumanControllingUs: 0, StartBugReporterOnCrash: 0, Is64bit: 1, IsPro: 0

 COMMAND LINE ARGUMENTS:
C:\Program Files\Unity\Hub\Editor\2020.3.6f1\Editor\Unity.exe
-adb2
-batchMode
-noUpm
-name
AssetImportWorker0
-projectPath
F:/SelfGames/Atestat/RPG Trial
-logFile
Logs/AssetImportWorker0.log
-srvPort
55399
Successfully changed project path to: F:/SelfGames/Atestat/RPG Trial
F:/SelfGames/Atestat/RPG Trial
Using Asset Import Pipeline V2.
Refreshing native plugins compatible for Editor in 25.25 ms, found 0 plugins.
Preloading 0 native plugins for Editor in 0.00 ms.
Initialize engine version: 2020.3.6f1 (338bb68529b2)
[Subsystems] Discovering subsystems at path C:/Program Files/Unity/Hub/Editor/2020.3.6f1/Editor/Data/Resources/UnitySubsystems
[Subsystems] Discovering subsystems at path F:/SelfGames/Atestat/RPG Trial/Assets
GfxDevice: creating device client; threaded=0
Direct3D:
    Version:  Direct3D 11.0 [level 11.1]
    Renderer: Radeon RX 560 Series (ID=0x67ff)
    Vendor:   
    VRAM:     4040 MB
    Driver:   27.20.14540.3
Initialize mono
Mono path[0] = 'C:/Program Files/Unity/Hub/Editor/2020.3.6f1/Editor/Data/Managed'
Mono path[1] = 'C:/Program Files/Unity/Hub/Editor/2020.3.6f1/Editor/Data/MonoBleedingEdge/lib/mono/unityjit'
Mono config path = 'C:/Program Files/Unity/Hub/Editor/2020.3.6f1/Editor/Data/MonoBleedingEdge/etc'
Using monoOptions --debugger-agent=transport=dt_socket,embedding=1,server=y,suspend=n,address=127.0.0.1:56564
Begin MonoManager ReloadAssembly
Registering precompiled unity dll's ...
Register platform support module: C:/Program Files/Unity/Hub/Editor/2020.3.6f1/Editor/Data/PlaybackEngines/WebGLSupport/UnityEditor.WebGL.Extensions.dll
Register platform support module: C:/Program Files/Unity/Hub/Editor/2020.3.6f1/Editor/Data/PlaybackEngines/WindowsStandaloneSupport/UnityEditor.WindowsStandalone.Extensions.dll
Registered in 0.001947 seconds.
Native extension for WindowsStandalone target not found
Native extension for WebGL target not found
Refreshing native plugins compatible for Editor in 19.41 ms, found 0 plugins.
Preloading 0 native plugins for Editor in 0.00 ms.
Mono: successfully reloaded assembly
- Completed reload, in  0.995 seconds
Platform modules already initialized, skipping
Registering precompiled user dll's ...
Registered in 0.000499 seconds.
Begin MonoManager ReloadAssembly
Native extension for WindowsStandalone target not found
Native extension for WebGL target not found
Refreshing native plugins compatible for Editor in 0.18 ms, found 0 plugins.
Preloading 0 native plugins for Editor in 0.00 ms.
Mono: successfully reloaded assembly
- Completed reload, in  0.692 seconds
Platform modules already initialized, skipping
========================================================================
Worker process is ready to serve import requests
Launched and connected shader compiler UnityShaderCompiler.exe after 0.04 seconds
Refreshing native plugins compatible for Editor in 0.18 ms, found 0 plugins.
Preloading 0 native plugins for Editor in 0.00 ms.
Unloading 1136 Unused Serialized files (Serialized files now loaded: 0)
System memory in use before: 78.1 MB.
System memory in use after: 78.2 MB.

Unloading 8 unused Assets to reduce memory usage. Loaded Objects now: 1610.
Total: 1.642500 ms (FindLiveObjects: 0.141100 ms CreateObjectMapping: 0.045900 ms MarkObjects: 1.436500 ms  DeleteObjects: 0.017500 ms)

========================================================================
Received Import Request.
  path: Assets/Scripts/InventorySystem/PlayerEquipment.asset
  artifactKey: Guid(ab3038152865c7d47a95d895d49a95a1) Importer(815301076,1909f56bfc062723c751e8b465ee728b)
Start importing Assets/Scripts/InventorySystem/PlayerEquipment.asset using Guid(ab3038152865c7d47a95d895d49a95a1) Importer(815301076,1909f56bfc062723c751e8b465ee728b)  -> (artifact id: '7dd6e18b9873df093392c1629656a8e5') in 0.040389 seconds
  Import took 0.042970 seconds .

========================================================================
Received Import Request.
  Time since last request: 0.000465 seconds.
  path: Assets/Scripts/InventorySystem/PlayerInventory.asset
  artifactKey: Guid(e9601d124fcb0cb419f1bb581226b781) Importer(815301076,1909f56bfc062723c751e8b465ee728b)
Start importing Assets/Scripts/InventorySystem/PlayerInventory.asset using Guid(e9601d124fcb0cb419f1bb581226b781) Importer(815301076,1909f56bfc062723c751e8b465ee728b)  -> (artifact id: '46b93819842cfe4c3e3015b8e08d82f4') in 0.008555 seconds
  Import took 0.010321 seconds .

========================================================================
Received Import Request.
  Time since last request: 5.159254 seconds.
  path: Assets/Prefabs/Player.prefab
  artifactKey: Guid(127ff6bc52723bb47a4f260d5fdd7715) Importer(815301076,1909f56bfc062723c751e8b465ee728b)
Start importing Assets/Prefabs/Player.prefab using Guid(127ff6bc52723bb47a4f260d5fdd7715) Importer(815301076,1909f56bfc062723c751e8b465ee728b)  -> (artifact id: 'd7fa4cd6a9c1273408238947a4d0bc8a') in 0.147859 seconds
  Import took 0.164294 seconds .

========================================================================
Received Prepare
Registering precompiled user dll's ...
Registered in 0.000442 seconds.
Begin MonoManager ReloadAssembly
Native extension for WindowsStandalone target not found
Native extension for WebGL target not found
Refreshing native plugins compatible for Editor in 0.20 ms, found 0 plugins.
Preloading 0 native plugins for Editor in 0.00 ms.
Mono: successfully reloaded assembly
- Completed reload, in  0.626 seconds
Platform modules already initialized, skipping
Refreshing native plugins compatible for Editor in 0.18 ms, found 0 plugins.
Preloading 0 native plugins for Editor in 0.00 ms.
Unloading 1131 Unused Serialized files (Serialized files now loaded: 0)
System memory in use before: 94.8 MB.
System memory in use after: 94.9 MB.

Unloading 5 unused Assets to reduce memory usage. Loaded Objects now: 1621.
Total: 1.385900 ms (FindLiveObjects: 0.142800 ms CreateObjectMapping: 0.032900 ms MarkObjects: 1.181000 ms  DeleteObjects: 0.028100 ms)

========================================================================
Received Import Request.
  Time since last request: 288.622149 seconds.
  path: Assets/Prefabs/Player.prefab
  artifactKey: Guid(127ff6bc52723bb47a4f260d5fdd7715) Importer(815301076,1909f56bfc062723c751e8b465ee728b)
Start importing Assets/Prefabs/Player.prefab using Guid(127ff6bc52723bb47a4f260d5fdd7715) Importer(815301076,1909f56bfc062723c751e8b465ee728b) NullReferenceException: Object reference not set to an instance of an object
  at ItemObjectDatabase.UpdateID () [0x00030] in F:\SelfGames\Atestat\RPG Trial\Assets\Scripts\ItemScripts\ItemObjectDatabase.cs:13 
  at ItemObjectDatabase.OnAfterDeserialize () [0x00000] in F:\SelfGames\Atestat\RPG Trial\Assets\Scripts\ItemScripts\ItemObjectDatabase.cs:21 

(Filename: Assets/Scripts/ItemScripts/ItemObjectDatabase.cs Line: 13)

 -> (artifact id: '4f41d90095c84724c24e4f18c92dd7c3') in 0.065190 seconds
  Import took 0.067405 seconds .

========================================================================
Received Import Request.
  Time since last request: 22.842796 seconds.
  path: Assets/Items/Boots.asset
  artifactKey: Guid(53d2df5efe92ca7449a058e121df52d9) Importer(815301076,1909f56bfc062723c751e8b465ee728b)
Start importing Assets/Items/Boots.asset using Guid(53d2df5efe92ca7449a058e121df52d9) Importer(815301076,1909f56bfc062723c751e8b465ee728b)  -> (artifact id: 'deeab40a6e91ae7f254d7426c910a301') in 0.007484 seconds
  Import took 0.009935 seconds .

========================================================================
Received Import Request.
  Time since last request: 0.000218 seconds.
  path: Assets/Items/Chicken Wing.asset
  artifactKey: Guid(e112467da85a02a4da4d569d6724bdd0) Importer(815301076,1909f56bfc062723c751e8b465ee728b)
Start importing Assets/Items/Chicken Wing.asset using Guid(e112467da85a02a4da4d569d6724bdd0) Importer(815301076,1909f56bfc062723c751e8b465ee728b)  -> (artifact id: 'e4a9b916637b1cd52d37715166f4d7aa') in 0.006630 seconds
  Import took 0.009202 seconds .

========================================================================
Received Import Request.
  Time since last request: 0.000168 seconds.
  path: Assets/Items/Helmet.asset
  artifactKey: Guid(69ec119fed956564b8ddcaab31bfba0d) Importer(815301076,1909f56bfc062723c751e8b465ee728b)
Start importing Assets/Items/Helmet.asset using Guid(69ec119fed956564b8ddcaab31bfba0d) Importer(815301076,1909f56bfc062723c751e8b465ee728b)  -> (artifact id: '0308d7f5c4f72e4f0caaeadf5cdb386a') in 0.007990 seconds
  Import took 0.011014 seconds .

========================================================================
Received Import Request.
  Time since last request: 0.000195 seconds.
  path: Assets/Items/Chest piece.asset
  artifactKey: Guid(8f10e05770b5ddd48872aff4dd280259) Importer(815301076,1909f56bfc062723c751e8b465ee728b)
Start importing Assets/Items/Chest piece.asset using Guid(8f10e05770b5ddd48872aff4dd280259) Importer(815301076,1909f56bfc062723c751e8b465ee728b)  -> (artifact id: '294ecacbe6b77478e3f08b2f845e68e6') in 0.010306 seconds
  Import took 0.018203 seconds .

========================================================================
Received Import Request.
  Time since last request: 0.000269 seconds.
  path: Assets/Items/Pants.asset
  artifactKey: Guid(c6bc8db3ae9e1c8478ad60698f0a1281) Importer(815301076,1909f56bfc062723c751e8b465ee728b)
Start importing Assets/Items/Pants.asset using Guid(c6bc8db3ae9e1c8478ad60698f0a1281) Importer(815301076,1909f56bfc062723c751e8b465ee728b)  -> (artifact id: '0c68d24bbd87acc4bd86423afc1c93c3') in 0.011924 seconds
  Import took 0.016179 seconds .

========================================================================
Received Import Request.
  Time since last request: 0.000220 seconds.
  path: Assets/Items/Shield.asset
  artifactKey: Guid(1810927a64befe74cba3b404252cfb87) Importer(815301076,1909f56bfc062723c751e8b465ee728b)
Start importing Assets/Items/Shield.asset using Guid(1810927a64befe74cba3b404252cfb87) Importer(815301076,1909f56bfc062723c751e8b465ee728b)  -> (artifact id: 'f585f59126ba834f2424576a0dae1192') in 0.010053 seconds
  Import took 0.014497 seconds .

========================================================================
Received Import Request.
  Time since last request: 4.501055 seconds.
  path: Assets/Items/Sword.asset
  artifactKey: Guid(2b32fc104a62c3c4f80832b4f4875366) Importer(815301076,1909f56bfc062723c751e8b465ee728b)
Start importing Assets/Items/Sword.asset using Guid(2b32fc104a62c3c4f80832b4f4875366) Importer(815301076,1909f56bfc062723c751e8b465ee728b)  -> (artifact id: 'c3e2e83108523756aebf685471f35a1c') in 0.006047 seconds
  Import took 0.008788 seconds .

========================================================================
Received Import Request.
  Time since last request: 35.033499 seconds.
  path: Assets/Resources/ItemDatabase.asset
  artifactKey: Guid(90113963704aaf041883145ac5db5240) Importer(815301076,1909f56bfc062723c751e8b465ee728b)
Start importing Assets/Resources/ItemDatabase.asset using Guid(90113963704aaf041883145ac5db5240) Importer(815301076,1909f56bfc062723c751e8b465ee728b)  -> (artifact id: 'eec89a44a8600bcdb8a935dd239c127e') in 0.014826 seconds
  Import took 0.019216 seconds .

========================================================================
Received Prepare
Registering precompiled user dll's ...
Registered in 0.000660 seconds.
Begin MonoManager ReloadAssembly
Native extension for WindowsStandalone target not found
Native extension for WebGL target not found
Refreshing native plugins compatible for Editor in 0.19 ms, found 0 plugins.
Preloading 0 native plugins for Editor in 0.00 ms.
Mono: successfully reloaded assembly
- Completed reload, in  0.730 seconds
Platform modules already initialized, skipping
Refreshing native plugins compatible for Editor in 0.19 ms, found 0 plugins.
Preloading 0 native plugins for Editor in 0.00 ms.
Unloading 1131 Unused Serialized files (Serialized files now loaded: 0)
System memory in use before: 95.0 MB.
System memory in use after: 95.1 MB.

Unloading 5 unused Assets to reduce memory usage. Loaded Objects now: 1625.
Total: 1.722000 ms (FindLiveObjects: 0.317400 ms CreateObjectMapping: 0.089300 ms MarkObjects: 1.280000 ms  DeleteObjects: 0.033500 ms)

========================================================================
Received Prepare
Registering precompiled user dll's ...
Registered in 0.000480 seconds.
Begin MonoManager ReloadAssembly
Native extension for WindowsStandalone target not found
Native extension for WebGL target not found
Refreshing native plugins compatible for Editor in 0.19 ms, found 0 plugins.
Preloading 0 native plugins for Editor in 0.00 ms.
Mono: successfully reloaded assembly
- Completed reload, in  0.675 seconds
Platform modules already initialized, skipping
Refreshing native plugins compatible for Editor in 0.30 ms, found 0 plugins.
Preloading 0 native plugins for Editor in 0.00 ms.
Unloading 1131 Unused Serialized files (Serialized files now loaded: 0)
System memory in use before: 95.0 MB.
System memory in use after: 95.1 MB.

Unloading 4 unused Assets to reduce memory usage. Loaded Objects now: 1628.
Total: 1.676800 ms (FindLiveObjects: 0.239800 ms CreateObjectMapping: 0.057100 ms MarkObjects: 1.363200 ms  DeleteObjects: 0.014700 ms)

========================================================================
Received Prepare
Registering precompiled user dll's ...
Registered in 0.000571 seconds.
Begin MonoManager ReloadAssembly
Native extension for WindowsStandalone target not found
Native extension for WebGL target not found
Refreshing native plugins compatible for Editor in 0.21 ms, found 0 plugins.
Preloading 0 native plugins for Editor in 0.00 ms.
Mono: successfully reloaded assembly
- Completed reload, in  0.919 seconds
Platform modules already initialized, skipping
Refreshing native plugins compatible for Editor in 0.19 ms, found 0 plugins.
Preloading 0 native plugins for Editor in 0.00 ms.
Unloading 1131 Unused Serialized files (Serialized files now loaded: 0)
System memory in use before: 95.0 MB.
System memory in use after: 95.1 MB.

Unloading 4 unused Assets to reduce memory usage. Loaded Objects now: 1631.
Total: 1.671500 ms (FindLiveObjects: 0.218400 ms CreateObjectMapping: 0.064200 ms MarkObjects: 1.371600 ms  DeleteObjects: 0.014800 ms)

========================================================================
Received Import Request.
  Time since last request: 547.394104 seconds.
  path: Assets/Scripts/InventorySystem/PlayerEquipment.asset
  artifactKey: Guid(ab3038152865c7d47a95d895d49a95a1) Importer(815301076,1909f56bfc062723c751e8b465ee728b)
Start importing Assets/Scripts/InventorySystem/PlayerEquipment.asset using Guid(ab3038152865c7d47a95d895d49a95a1) Importer(815301076,1909f56bfc062723c751e8b465ee728b)  -> (artifact id: '47aba2cc3e9d8a5b19209f7d3d49d609') in 0.012696 seconds
  Import took 0.042769 seconds .

========================================================================
Received Import Request.
  Time since last request: 32.828186 seconds.
  path: Assets/Scripts/Interaction/Interaction.cs
  artifactKey: Guid(de28f41f56e57814dacfc00eb3263912) Importer(815301076,1909f56bfc062723c751e8b465ee728b)
Start importing Assets/Scripts/Interaction/Interaction.cs using Guid(de28f41f56e57814dacfc00eb3263912) Importer(815301076,1909f56bfc062723c751e8b465ee728b)  -> (artifact id: '7d48afbee67db3b48f58d66ad6e73fcd') in 0.020569 seconds
  Import took 0.022194 seconds .

========================================================================
Received Prepare
Registering precompiled user dll's ...
Registered in 0.000683 seconds.
Begin MonoManager ReloadAssembly
Native extension for WindowsStandalone target not found
Native extension for WebGL target not found
Refreshing native plugins compatible for Editor in 0.18 ms, found 0 plugins.
Preloading 0 native plugins for Editor in 0.00 ms.
Mono: successfully reloaded assembly
- Completed reload, in  0.651 seconds
Platform modules already initialized, skipping
Refreshing native plugins compatible for Editor in 0.19 ms, found 0 plugins.
Preloading 0 native plugins for Editor in 0.00 ms.
Unloading 1131 Unused Serialized files (Serialized files now loaded: 0)
System memory in use before: 95.0 MB.
System memory in use after: 95.1 MB.

Unloading 4 unused Assets to reduce memory usage. Loaded Objects now: 1634.
Total: 1.600900 ms (FindLiveObjects: 0.232700 ms CreateObjectMapping: 0.032100 ms MarkObjects: 1.320300 ms  DeleteObjects: 0.014300 ms)

========================================================================
Received Prepare
Registering precompiled user dll's ...
Registered in 0.000503 seconds.
Begin MonoManager ReloadAssembly
Native extension for WindowsStandalone target not found
Native extension for WebGL target not found
Refreshing native plugins compatible for Editor in 0.18 ms, found 0 plugins.
Preloading 0 native plugins for Editor in 0.00 ms.
Mono: successfully reloaded assembly
- Completed reload, in  0.613 seconds
Platform modules already initialized, skipping
Refreshing native plugins compatible for Editor in 0.19 ms, found 0 plugins.
Preloading 0 native plugins for Editor in 0.00 ms.
Unloading 1131 Unused Serialized files (Serialized files now loaded: 0)
System memory in use before: 95.1 MB.
System memory in use after: 95.1 MB.

Unloading 4 unused Assets to reduce memory usage. Loaded Objects now: 1637.
Total: 1.669200 ms (FindLiveObjects: 0.184900 ms CreateObjectMapping: 0.055000 ms MarkObjects: 1.412100 ms  DeleteObjects: 0.015900 ms)

AssetImportWorkerClient::OnTransportError - code=2 error=End of file
